<?xml version="1.0" encoding="UTF-8"?>
<!-- Generated by org.testng.reporters.JUnitReportReporter -->
<testsuite hostname="DESKTOP-SFIEU1D" name="tests.FirstSeleniumWebDriverScriptTest" tests="2" failures="0" timestamp="2 Dec 2019 15:32:20 GMT" time="12.014" errors="0">
  <testcase name="launchTest" time="5.625" classname="tests.FirstSeleniumWebDriverScriptTest"/>
  <testcase name="firefoxTest" time="6.389" classname="tests.FirstSeleniumWebDriverScriptTest"/>
</testsuite> <!-- tests.FirstSeleniumWebDriverScriptTest -->
