<?xml version="1.0" encoding="UTF-8"?>
<!-- Generated by org.testng.reporters.JUnitReportReporter -->
<testsuite hostname="DESKTOP-SFIEU1D" name="tests.Second" tests="1" failures="0" timestamp="3 Dec 2019 11:58:54 GMT" time="2.737" errors="0">
  <testcase name="IETest" time="2.737" classname="tests.Second"/>
</testsuite> <!-- tests.Second -->
