<?xml version="1.0" encoding="UTF-8"?>
<!-- Generated by org.testng.reporters.JUnitReportReporter -->
<testsuite hostname="DESKTOP-SFIEU1D" name="tests.FirstSeleniumWebDriverScript" tests="2" failures="0" timestamp="4 Dec 2019 07:13:16 GMT" time="8.743" errors="0">
  <testcase name="launchTest" time="5.303" classname="tests.FirstSeleniumWebDriverScript"/>
  <testcase name="firefoxTest" time="3.440" classname="tests.FirstSeleniumWebDriverScript"/>
</testsuite> <!-- tests.FirstSeleniumWebDriverScript -->
